2019-01-11 11:59:22,815 - LogInfo - get ip list
2019-01-11 11:59:22,816 - LogInfo - start Masscan process...
2019-01-11 12:07:26,705 - LogInfo - finsh Masscan
2019-01-11 12:07:26,705 - LogInfo - start read results...
2019-01-11 12:07:26,708 - LogInfo - start nmap scan service...
2019-01-11 12:07:59,811 - LogInfo - finsh nmap scan.
2019-01-11 12:07:59,811 - LogInfo - compare with the last result
2019-01-11 12:07:59,811 - LogInfo - generate the result file
2019-01-11 12:07:59,812 - LogInfo - start weak pass thread
2019-01-11 12:07:59,812 - LogInfo - start weak pass thread
2019-01-11 12:07:59,812 - LogInfo - read scan reasult to weak pass
2019-01-11 12:07:59,812 - LogInfo - read scan reasult to weak pass
2019-01-11 12:07:59,813 - LogInfo - start weak pass scan...
2019-01-11 12:07:59,813 - LogInfo - start weak pass scan...
2019-01-11 12:12:37,908 - LogInfo - finsh weak pass scan.
2019-01-11 12:12:37,908 - LogInfo - finsh weak pass scan.
2019-01-11 12:12:37,926 - LogInfo - generate the result file out/2019-01-11.xls
2019-01-11 12:12:37,926 - LogInfo - generate the result file out/2019-01-11.xls
2019-01-11 12:12:37,926 - LogInfo - generate the result file out/2019-01-11.xls
2019-01-11 14:53:36,092 - LogInfo - get ip list
2019-01-11 14:53:36,093 - LogInfo - IP files may be wrong.
2019-01-11 14:53:36,093 - LogInfo - program exits
2019-01-11 14:53:36,093 - LogInfo - start weak pass thread
2019-01-11 14:53:36,093 - LogInfo - start weak pass thread
2019-01-11 14:53:36,093 - LogInfo - read scan reasult to weak pass
2019-01-11 14:53:36,093 - LogInfo - read scan reasult to weak pass
2019-01-11 14:53:36,094 - LogInfo - start weak pass scan...
2019-01-11 14:53:36,094 - LogInfo - start weak pass scan...
2019-01-11 15:02:58,712 - LogInfo - get ip list
2019-01-11 15:02:58,712 - LogInfo - start Masscan process...
2019-01-11 15:03:15,531 - LogInfo - finsh Masscan
2019-01-11 15:03:15,532 - LogInfo - start read results...
2019-01-11 15:03:15,532 - LogInfo - start nmap scan service...
2019-01-11 15:03:15,801 - LogInfo - finsh nmap scan.
2019-01-11 15:03:15,801 - LogInfo - compare with the last result
2019-01-11 15:03:15,802 - LogInfo - generate the result file
2019-01-11 15:03:15,803 - LogInfo - start weak pass thread
2019-01-11 15:03:15,803 - LogInfo - start weak pass thread
2019-01-11 15:03:15,803 - LogInfo - read scan reasult to weak pass
2019-01-11 15:03:15,803 - LogInfo - read scan reasult to weak pass
2019-01-11 15:03:15,803 - LogInfo - start weak pass scan...
2019-01-11 15:03:15,803 - LogInfo - start weak pass scan...
2019-01-11 15:03:25,915 - LogInfo - finsh weak pass scan.
2019-01-11 15:03:25,915 - LogInfo - finsh weak pass scan.
2019-01-11 15:03:25,933 - LogInfo - generate the result file out/2019-01-11.xls
2019-01-11 15:03:25,933 - LogInfo - generate the result file out/2019-01-11.xls
2019-01-11 15:03:25,933 - LogInfo - generate the result file out/2019-01-11.xls
2019-01-11 15:03:25,933 - LogInfo - start sending mail...
2019-01-11 15:03:25,933 - LogInfo - start sending mail...
2019-01-11 15:03:25,933 - LogInfo - start sending mail...
2019-01-11 15:03:25,933 - LogInfo - start sending mail...
2019-01-11 15:48:23,897 - LogInfo - get ip list
2019-01-11 15:48:23,898 - LogInfo - start Masscan process...
2019-01-11 15:48:40,713 - LogInfo - finsh Masscan
2019-01-11 15:48:40,714 - LogInfo - start read results...
2019-01-11 15:48:40,714 - LogInfo - start nmap scan service...
2019-01-11 15:48:40,990 - LogInfo - finsh nmap scan.
2019-01-11 15:48:40,990 - LogInfo - compare with the last result
2019-01-11 15:48:40,990 - LogInfo - generate the result file
2019-01-11 15:48:40,991 - LogInfo - start weak pass thread
2019-01-11 15:48:40,991 - LogInfo - start weak pass thread
2019-01-11 15:48:40,991 - LogInfo - read scan reasult to weak pass
2019-01-11 15:48:40,991 - LogInfo - read scan reasult to weak pass
2019-01-11 15:48:40,991 - LogInfo - start weak pass scan...
2019-01-11 15:48:40,991 - LogInfo - start weak pass scan...
2019-01-11 15:48:51,106 - LogInfo - finsh weak pass scan.
2019-01-11 15:48:51,106 - LogInfo - finsh weak pass scan.
2019-01-11 15:48:51,110 - LogInfo - generate the result file out/2019-01-11.xls
2019-01-11 15:48:51,110 - LogInfo - generate the result file out/2019-01-11.xls
2019-01-11 15:48:51,110 - LogInfo - generate the result file out/2019-01-11.xls
2019-01-11 15:48:51,110 - LogInfo - start sending mail...
2019-01-11 15:48:51,110 - LogInfo - start sending mail...
2019-01-11 15:48:51,110 - LogInfo - start sending mail...
2019-01-11 15:48:51,110 - LogInfo - start sending mail...
2019-01-11 15:48:51,491 - LogInfo - sending mail failure,error: 
2019-01-11 15:48:51,491 - LogInfo - sending mail failure,error: 
2019-01-11 15:48:51,491 - LogInfo - sending mail failure,error: 
2019-01-11 15:48:51,491 - LogInfo - sending mail failure,error: 
2019-01-11 15:48:51,555 - LogInfo - sending mail failure,error: 
2019-01-11 15:48:51,555 - LogInfo - sending mail failure,error: 
2019-01-11 15:48:51,555 - LogInfo - sending mail failure,error: 
2019-01-11 15:48:51,555 - LogInfo - sending mail failure,error: 
2019-01-11 15:48:56,775 - LogInfo - sending mail failure,error: 
2019-01-11 15:48:56,775 - LogInfo - sending mail failure,error: 
2019-01-11 15:48:56,775 - LogInfo - sending mail failure,error: 
2019-01-11 15:48:56,775 - LogInfo - sending mail failure,error: 
2019-01-11 15:48:56,775 - LogInfo - sending mail success
2019-01-11 15:48:56,775 - LogInfo - sending mail success
2019-01-11 15:48:56,775 - LogInfo - sending mail success
2019-01-11 15:48:56,775 - LogInfo - sending mail success
2019-01-14 11:02:28,186 - LogInfo - get ip list
2019-01-14 11:02:28,187 - LogInfo - start Masscan process...
2019-01-14 11:02:44,751 - LogInfo - finsh Masscan
2019-01-14 11:02:44,752 - LogInfo - start read results...
2019-01-14 11:02:44,752 - LogInfo - start nmap scan service...
2019-01-14 11:02:45,025 - LogInfo - finsh nmap scan.
2019-01-14 11:02:45,026 - LogInfo - compare with the last result
2019-01-14 11:02:45,026 - LogInfo - generate the result file
2019-01-14 11:02:45,027 - LogInfo - start weak pass thread
2019-01-14 11:02:45,027 - LogInfo - start weak pass thread
2019-01-14 11:02:45,027 - LogInfo - read scan reasult to weak pass
2019-01-14 11:02:45,027 - LogInfo - read scan reasult to weak pass
2019-01-14 11:02:45,027 - LogInfo - start weak pass scan...
2019-01-14 11:02:45,027 - LogInfo - start weak pass scan...
2019-01-14 11:02:55,147 - LogInfo - finsh weak pass scan.
2019-01-14 11:02:55,147 - LogInfo - finsh weak pass scan.
2019-01-14 11:02:55,151 - LogInfo - generate the result file out/2019-01-14.xls
2019-01-14 11:02:55,151 - LogInfo - generate the result file out/2019-01-14.xls
2019-01-14 11:02:55,151 - LogInfo - generate the result file out/2019-01-14.xls
2019-01-14 11:02:55,152 - LogInfo - start sending mail...
2019-01-14 11:02:55,152 - LogInfo - start sending mail...
2019-01-14 11:02:55,152 - LogInfo - start sending mail...
2019-01-14 11:02:55,152 - LogInfo - start sending mail...
2019-01-14 11:02:55,545 - LogInfo - sending mail failure,error: 
2019-01-14 11:02:55,545 - LogInfo - sending mail failure,error: 
2019-01-14 11:02:55,545 - LogInfo - sending mail failure,error: 
2019-01-14 11:02:55,545 - LogInfo - sending mail failure,error: 
2019-01-14 11:02:56,497 - LogInfo - sending mail failure,error: 
2019-01-14 11:02:56,497 - LogInfo - sending mail failure,error: 
2019-01-14 11:02:56,497 - LogInfo - sending mail failure,error: 
2019-01-14 11:02:56,497 - LogInfo - sending mail failure,error: 
2019-01-14 11:02:56,731 - LogInfo - sending mail failure,error: 
2019-01-14 11:02:56,731 - LogInfo - sending mail failure,error: 
2019-01-14 11:02:56,731 - LogInfo - sending mail failure,error: 
2019-01-14 11:02:56,731 - LogInfo - sending mail failure,error: 
2019-01-14 11:02:56,731 - LogInfo - sending mail success
2019-01-14 11:02:56,731 - LogInfo - sending mail success
2019-01-14 11:02:56,731 - LogInfo - sending mail success
2019-01-14 11:02:56,731 - LogInfo - sending mail success
2019-01-14 11:03:31,892 - LogInfo - get ip list
2019-01-14 11:03:31,893 - LogInfo - start Masscan process...
2019-01-14 11:03:48,707 - LogInfo - finsh Masscan
2019-01-14 11:03:48,708 - LogInfo - start read results...
2019-01-14 11:03:48,708 - LogInfo - start nmap scan service...
2019-01-14 11:03:52,990 - LogInfo - finsh nmap scan.
2019-01-14 11:03:52,990 - LogInfo - compare with the last result
2019-01-14 11:03:52,990 - LogInfo - generate the result file
2019-01-14 11:03:52,991 - LogInfo - start weak pass thread
2019-01-14 11:03:52,991 - LogInfo - start weak pass thread
2019-01-14 11:03:52,991 - LogInfo - read scan reasult to weak pass
2019-01-14 11:03:52,991 - LogInfo - read scan reasult to weak pass
2019-01-14 11:03:52,991 - LogInfo - start weak pass scan...
2019-01-14 11:03:52,991 - LogInfo - start weak pass scan...
2019-01-14 11:04:03,111 - LogInfo - finsh weak pass scan.
2019-01-14 11:04:03,111 - LogInfo - finsh weak pass scan.
2019-01-14 11:04:03,115 - LogInfo - generate the result file out/2019-01-14.xls
2019-01-14 11:04:03,115 - LogInfo - generate the result file out/2019-01-14.xls
2019-01-14 11:04:03,115 - LogInfo - generate the result file out/2019-01-14.xls
2019-01-14 11:04:03,115 - LogInfo - start sending mail...
2019-01-14 11:04:03,115 - LogInfo - start sending mail...
2019-01-14 11:04:03,115 - LogInfo - start sending mail...
2019-01-14 11:04:03,115 - LogInfo - start sending mail...
2019-01-14 11:04:03,198 - LogInfo - sending mail failure,error: 
2019-01-14 11:04:03,198 - LogInfo - sending mail failure,error: 
2019-01-14 11:04:03,198 - LogInfo - sending mail failure,error: 
2019-01-14 11:04:03,198 - LogInfo - sending mail failure,error: 
2019-01-14 11:04:03,496 - LogInfo - sending mail failure,error: 
2019-01-14 11:04:03,496 - LogInfo - sending mail failure,error: 
2019-01-14 11:04:03,496 - LogInfo - sending mail failure,error: 
2019-01-14 11:04:03,496 - LogInfo - sending mail failure,error: 
2019-01-14 11:04:03,567 - LogInfo - sending mail failure,error: 
2019-01-14 11:04:03,567 - LogInfo - sending mail failure,error: 
2019-01-14 11:04:03,567 - LogInfo - sending mail failure,error: 
2019-01-14 11:04:03,567 - LogInfo - sending mail failure,error: 
2019-01-14 11:04:03,567 - LogInfo - sending mail success
2019-01-14 11:04:03,567 - LogInfo - sending mail success
2019-01-14 11:04:03,567 - LogInfo - sending mail success
2019-01-14 11:04:03,567 - LogInfo - sending mail success
2019-01-14 11:26:23,159 - LogInfo - get ip list
2019-01-14 11:26:23,160 - LogInfo - start Masscan process...
2019-01-14 11:26:25,719 - LogInfo - finsh Masscan
2019-01-14 11:26:25,720 - LogInfo - start read results...
2019-01-14 11:26:25,720 - LogInfo - start nmap scan service...
2019-01-14 11:26:25,720 - LogInfo - finsh nmap scan.
2019-01-14 11:26:25,720 - LogInfo - compare with the last result
2019-01-14 11:26:25,987 - LogInfo - generate the result file
2019-01-14 11:26:25,988 - LogInfo - start weak pass thread
2019-01-14 11:26:25,988 - LogInfo - start weak pass thread
2019-01-14 11:26:25,988 - LogInfo - read scan reasult to weak pass
2019-01-14 11:26:25,988 - LogInfo - read scan reasult to weak pass
2019-01-14 11:26:25,988 - LogInfo - start weak pass scan...
2019-01-14 11:26:25,988 - LogInfo - start weak pass scan...
2019-01-14 11:26:36,103 - LogInfo - finsh weak pass scan.
2019-01-14 11:26:36,103 - LogInfo - finsh weak pass scan.
2019-01-14 11:26:36,107 - LogInfo - generate the result file out/2019-01-14.xls
2019-01-14 11:26:36,107 - LogInfo - generate the result file out/2019-01-14.xls
2019-01-14 11:26:36,107 - LogInfo - generate the result file out/2019-01-14.xls
2019-01-14 11:26:36,107 - LogInfo - start sending mail...
2019-01-14 11:26:36,107 - LogInfo - start sending mail...
2019-01-14 11:26:36,107 - LogInfo - start sending mail...
2019-01-14 11:26:36,107 - LogInfo - start sending mail...
2019-01-14 11:26:36,167 - LogInfo - sending mail failure,error: 
2019-01-14 11:26:36,167 - LogInfo - sending mail failure,error: 
2019-01-14 11:26:36,167 - LogInfo - sending mail failure,error: 
2019-01-14 11:26:36,167 - LogInfo - sending mail failure,error: 
2019-01-14 11:26:36,452 - LogInfo - sending mail failure,error: 
2019-01-14 11:26:36,452 - LogInfo - sending mail failure,error: 
2019-01-14 11:26:36,452 - LogInfo - sending mail failure,error: 
2019-01-14 11:26:36,452 - LogInfo - sending mail failure,error: 
2019-01-14 11:26:36,832 - LogInfo - sending mail failure,error: 
2019-01-14 11:26:36,832 - LogInfo - sending mail failure,error: 
2019-01-14 11:26:36,832 - LogInfo - sending mail failure,error: 
2019-01-14 11:26:36,832 - LogInfo - sending mail failure,error: 
2019-01-14 11:26:36,832 - LogInfo - sending mail success
2019-01-14 11:26:36,832 - LogInfo - sending mail success
2019-01-14 11:26:36,832 - LogInfo - sending mail success
2019-01-14 11:26:36,832 - LogInfo - sending mail success
2019-01-14 11:49:00,550 - LogInfo - get ip list
2019-01-14 11:49:00,552 - LogInfo - start Masscan process...
2019-01-14 11:49:17,622 - LogInfo - finsh Masscan
2019-01-14 11:49:17,623 - LogInfo - start read results...
2019-01-14 11:49:17,623 - LogInfo - start nmap scan service...
2019-01-14 11:49:18,110 - LogInfo - finsh nmap scan.
2019-01-14 11:49:18,110 - LogInfo - compare with the last result
2019-01-14 11:49:18,110 - LogInfo - generate the result file
2019-01-14 11:49:18,110 - LogInfo - start weak pass thread
2019-01-14 11:49:18,110 - LogInfo - start weak pass thread
2019-01-14 11:49:18,111 - LogInfo - read scan reasult to weak pass
2019-01-14 11:49:18,111 - LogInfo - read scan reasult to weak pass
2019-01-14 11:49:18,111 - LogInfo - start weak pass scan...
2019-01-14 11:49:18,111 - LogInfo - start weak pass scan...
2019-01-14 11:49:28,225 - LogInfo - finsh weak pass scan.
2019-01-14 11:49:28,225 - LogInfo - finsh weak pass scan.
2019-01-14 11:49:28,229 - LogInfo - generate the result file out/2019-01-14.xls
2019-01-14 11:49:28,229 - LogInfo - generate the result file out/2019-01-14.xls
2019-01-14 11:49:28,229 - LogInfo - generate the result file out/2019-01-14.xls
2019-01-14 11:49:28,229 - LogInfo - start sending mail...
2019-01-14 11:49:28,229 - LogInfo - start sending mail...
2019-01-14 11:49:28,229 - LogInfo - start sending mail...
2019-01-14 11:49:28,229 - LogInfo - start sending mail...
2019-01-14 11:49:38,652 - LogInfo - sending mail failure,error: 
2019-01-14 11:49:38,652 - LogInfo - sending mail failure,error: 
2019-01-14 11:49:38,652 - LogInfo - sending mail failure,error: 
2019-01-14 11:49:38,652 - LogInfo - sending mail failure,error: 
2019-01-14 11:49:38,853 - LogInfo - sending mail failure,error: 
2019-01-14 11:49:38,853 - LogInfo - sending mail failure,error: 
2019-01-14 11:49:38,853 - LogInfo - sending mail failure,error: 
2019-01-14 11:49:38,853 - LogInfo - sending mail failure,error: 
2019-01-14 11:49:38,889 - LogInfo - sending mail failure,error: 
2019-01-14 11:49:38,889 - LogInfo - sending mail failure,error: 
2019-01-14 11:49:38,889 - LogInfo - sending mail failure,error: 
2019-01-14 11:49:38,889 - LogInfo - sending mail failure,error: 
2019-01-14 11:49:38,890 - LogInfo - sending mail success
2019-01-14 11:49:38,890 - LogInfo - sending mail success
2019-01-14 11:49:38,890 - LogInfo - sending mail success
2019-01-14 11:49:38,890 - LogInfo - sending mail success
2019-01-14 11:52:00,417 - LogInfo - get ip list
2019-01-14 11:52:00,418 - LogInfo - start Masscan process...
2019-01-14 11:52:17,724 - LogInfo - finsh Masscan
2019-01-14 11:52:17,725 - LogInfo - start read results...
2019-01-14 11:52:17,725 - LogInfo - start nmap scan service...
2019-01-14 11:52:17,998 - LogInfo - finsh nmap scan.
2019-01-14 11:52:17,998 - LogInfo - compare with the last result
2019-01-14 11:52:17,999 - LogInfo - generate the result file
2019-01-14 11:52:17,999 - LogInfo - start weak pass thread
2019-01-14 11:52:17,999 - LogInfo - start weak pass thread
2019-01-14 11:52:17,999 - LogInfo - read scan reasult to weak pass
2019-01-14 11:52:17,999 - LogInfo - read scan reasult to weak pass
2019-01-14 11:52:17,999 - LogInfo - start weak pass scan...
2019-01-14 11:52:17,999 - LogInfo - start weak pass scan...
2019-01-14 11:52:28,120 - LogInfo - finsh weak pass scan.
2019-01-14 11:52:28,120 - LogInfo - finsh weak pass scan.
2019-01-14 11:52:28,124 - LogInfo - generate the result file out/2019-01-14.xls
2019-01-14 11:52:28,124 - LogInfo - generate the result file out/2019-01-14.xls
2019-01-14 11:52:28,124 - LogInfo - generate the result file out/2019-01-14.xls
2019-01-14 11:52:28,124 - LogInfo - start sending mail...
2019-01-14 11:52:28,124 - LogInfo - start sending mail...
2019-01-14 11:52:28,124 - LogInfo - start sending mail...
2019-01-14 11:52:28,124 - LogInfo - start sending mail...
2019-01-14 11:52:28,537 - LogInfo - sending mail failure,error: 
2019-01-14 11:52:28,537 - LogInfo - sending mail failure,error: 
2019-01-14 11:52:28,537 - LogInfo - sending mail failure,error: 
2019-01-14 11:52:28,537 - LogInfo - sending mail failure,error: 
2019-01-14 11:52:28,815 - LogInfo - sending mail failure,error: 
2019-01-14 11:52:28,815 - LogInfo - sending mail failure,error: 
2019-01-14 11:52:28,815 - LogInfo - sending mail failure,error: 
2019-01-14 11:52:28,815 - LogInfo - sending mail failure,error: 
2019-01-14 11:52:28,858 - LogInfo - sending mail failure,error: 
2019-01-14 11:52:28,858 - LogInfo - sending mail failure,error: 
2019-01-14 11:52:28,858 - LogInfo - sending mail failure,error: 
2019-01-14 11:52:28,858 - LogInfo - sending mail failure,error: 
2019-01-14 11:52:28,858 - LogInfo - sending mail success
2019-01-14 11:52:28,858 - LogInfo - sending mail success
2019-01-14 11:52:28,858 - LogInfo - sending mail success
2019-01-14 11:52:28,858 - LogInfo - sending mail success
2019-01-14 12:00:13,844 - LogInfo - get ip list
2019-01-14 12:00:13,845 - LogInfo - start Masscan process...
2019-01-14 12:00:30,669 - LogInfo - finsh Masscan
2019-01-14 12:00:30,670 - LogInfo - start read results...
2019-01-14 12:00:30,671 - LogInfo - start nmap scan service...
2019-01-14 12:00:30,950 - LogInfo - finsh nmap scan.
2019-01-14 12:00:30,950 - LogInfo - compare with the last result
2019-01-14 12:00:30,951 - LogInfo - generate the result file
2019-01-14 12:00:30,951 - LogInfo - start weak pass thread
2019-01-14 12:00:30,951 - LogInfo - start weak pass thread
2019-01-14 12:00:30,951 - LogInfo - read scan reasult to weak pass
2019-01-14 12:00:30,951 - LogInfo - read scan reasult to weak pass
2019-01-14 12:00:30,951 - LogInfo - start weak pass scan...
2019-01-14 12:00:30,951 - LogInfo - start weak pass scan...
2019-01-14 12:00:41,071 - LogInfo - finsh weak pass scan.
2019-01-14 12:00:41,071 - LogInfo - finsh weak pass scan.
2019-01-14 12:00:41,075 - LogInfo - generate the result file out/2019-01-14.xls
2019-01-14 12:00:41,075 - LogInfo - generate the result file out/2019-01-14.xls
2019-01-14 12:00:41,075 - LogInfo - generate the result file out/2019-01-14.xls
2019-01-14 12:00:41,075 - LogInfo - start sending mail...
2019-01-14 12:00:41,075 - LogInfo - start sending mail...
2019-01-14 12:00:41,075 - LogInfo - start sending mail...
2019-01-14 12:00:41,075 - LogInfo - start sending mail...
2019-01-14 12:00:41,132 - LogInfo - sending mail failure,error: (530, 'Must issue a STARTTLS command first.')
2019-01-14 12:00:41,132 - LogInfo - sending mail failure,error: (530, 'Must issue a STARTTLS command first.')
2019-01-14 12:00:41,132 - LogInfo - sending mail failure,error: (530, 'Must issue a STARTTLS command first.')
2019-01-14 12:00:41,132 - LogInfo - sending mail failure,error: (530, 'Must issue a STARTTLS command first.')
2019-01-14 12:00:46,213 - LogInfo - sending mail failure,error: (530, 'Must issue a STARTTLS command first.')
2019-01-14 12:00:46,213 - LogInfo - sending mail failure,error: (530, 'Must issue a STARTTLS command first.')
2019-01-14 12:00:46,213 - LogInfo - sending mail failure,error: (530, 'Must issue a STARTTLS command first.')
2019-01-14 12:00:46,213 - LogInfo - sending mail failure,error: (530, 'Must issue a STARTTLS command first.')
2019-01-14 12:00:46,456 - LogInfo - sending mail failure,error: (530, 'Must issue a STARTTLS command first.')
2019-01-14 12:00:46,456 - LogInfo - sending mail failure,error: (530, 'Must issue a STARTTLS command first.')
2019-01-14 12:00:46,456 - LogInfo - sending mail failure,error: (530, 'Must issue a STARTTLS command first.')
2019-01-14 12:00:46,456 - LogInfo - sending mail failure,error: (530, 'Must issue a STARTTLS command first.')
2019-01-14 12:00:46,456 - LogInfo - sending mail success
2019-01-14 12:00:46,456 - LogInfo - sending mail success
2019-01-14 12:00:46,456 - LogInfo - sending mail success
2019-01-14 12:00:46,456 - LogInfo - sending mail success
2019-01-14 12:07:43,937 - LogInfo - get ip list
2019-01-14 12:07:43,938 - LogInfo - start Masscan process...
2019-01-14 12:08:01,758 - LogInfo - finsh Masscan
2019-01-14 12:08:01,759 - LogInfo - start read results...
2019-01-14 12:08:01,759 - LogInfo - start nmap scan service...
2019-01-14 12:08:02,057 - LogInfo - finsh nmap scan.
2019-01-14 12:08:02,057 - LogInfo - compare with the last result
2019-01-14 12:08:02,057 - LogInfo - generate the result file
2019-01-14 12:08:02,057 - LogInfo - start weak pass thread
2019-01-14 12:08:02,057 - LogInfo - start weak pass thread
2019-01-14 12:08:02,058 - LogInfo - read scan reasult to weak pass
2019-01-14 12:08:02,058 - LogInfo - read scan reasult to weak pass
2019-01-14 12:08:02,058 - LogInfo - start weak pass scan...
2019-01-14 12:08:02,058 - LogInfo - start weak pass scan...
2019-01-14 12:08:12,171 - LogInfo - finsh weak pass scan.
2019-01-14 12:08:12,171 - LogInfo - finsh weak pass scan.
2019-01-14 12:08:12,175 - LogInfo - generate the result file out/2019-01-14.xls
2019-01-14 12:08:12,175 - LogInfo - generate the result file out/2019-01-14.xls
2019-01-14 12:08:12,175 - LogInfo - generate the result file out/2019-01-14.xls
2019-01-14 12:08:12,175 - LogInfo - start sending mail...
2019-01-14 12:08:12,175 - LogInfo - start sending mail...
2019-01-14 12:08:12,175 - LogInfo - start sending mail...
2019-01-14 12:08:12,175 - LogInfo - start sending mail...
2019-01-14 12:08:12,752 - LogInfo - sending mail failure,error: (530, 'Must issue a STARTTLS command first.')
2019-01-14 12:08:12,752 - LogInfo - sending mail failure,error: (530, 'Must issue a STARTTLS command first.')
2019-01-14 12:08:12,752 - LogInfo - sending mail failure,error: (530, 'Must issue a STARTTLS command first.')
2019-01-14 12:08:12,752 - LogInfo - sending mail failure,error: (530, 'Must issue a STARTTLS command first.')
2019-01-14 12:08:18,044 - LogInfo - sending mail failure,error: (530, 'Must issue a STARTTLS command first.')
2019-01-14 12:08:18,044 - LogInfo - sending mail failure,error: (530, 'Must issue a STARTTLS command first.')
2019-01-14 12:08:18,044 - LogInfo - sending mail failure,error: (530, 'Must issue a STARTTLS command first.')
2019-01-14 12:08:18,044 - LogInfo - sending mail failure,error: (530, 'Must issue a STARTTLS command first.')
2019-01-14 12:08:18,118 - LogInfo - sending mail failure,error: (530, 'Must issue a STARTTLS command first.')
2019-01-14 12:08:18,118 - LogInfo - sending mail failure,error: (530, 'Must issue a STARTTLS command first.')
2019-01-14 12:08:18,118 - LogInfo - sending mail failure,error: (530, 'Must issue a STARTTLS command first.')
2019-01-14 12:08:18,118 - LogInfo - sending mail failure,error: (530, 'Must issue a STARTTLS command first.')
2019-01-14 12:08:18,118 - LogInfo - sending mail success
2019-01-14 12:08:18,118 - LogInfo - sending mail success
2019-01-14 12:08:18,118 - LogInfo - sending mail success
2019-01-14 12:08:18,118 - LogInfo - sending mail success
2019-01-14 18:17:29,702 - LogInfo - get ip list
2019-01-14 18:17:29,703 - LogInfo - start Masscan process...
2019-01-14 18:17:46,523 - LogInfo - finsh Masscan
2019-01-14 18:17:46,524 - LogInfo - start read results...
2019-01-14 18:17:46,524 - LogInfo - start nmap scan service...
2019-01-14 18:17:46,875 - LogInfo - finsh nmap scan.
2019-01-14 18:17:46,875 - LogInfo - compare with the last result
2019-01-14 18:17:46,875 - LogInfo - generate the result file
2019-01-14 18:17:46,875 - LogInfo - start weak pass thread
2019-01-14 18:17:46,875 - LogInfo - start weak pass thread
2019-01-14 18:17:46,876 - LogInfo - read scan reasult to weak pass
2019-01-14 18:17:46,876 - LogInfo - read scan reasult to weak pass
2019-01-14 18:17:46,876 - LogInfo - start weak pass scan...
2019-01-14 18:17:46,876 - LogInfo - start weak pass scan...
2019-01-14 18:17:56,996 - LogInfo - finsh weak pass scan.
2019-01-14 18:17:56,996 - LogInfo - finsh weak pass scan.
2019-01-14 18:17:56,999 - LogInfo - generate the result file out/2019-01-14.xls
2019-01-14 18:17:56,999 - LogInfo - generate the result file out/2019-01-14.xls
2019-01-14 18:17:56,999 - LogInfo - generate the result file out/2019-01-14.xls
2019-01-14 18:17:57,000 - LogInfo - start sending mail...
2019-01-14 18:17:57,000 - LogInfo - start sending mail...
2019-01-14 18:17:57,000 - LogInfo - start sending mail...
2019-01-14 18:17:57,000 - LogInfo - start sending mail...
2019-01-14 18:17:58,546 - LogInfo - sending mail success
2019-01-14 18:17:58,546 - LogInfo - sending mail success
2019-01-14 18:17:58,546 - LogInfo - sending mail success
2019-01-14 18:17:58,546 - LogInfo - sending mail success
2019-01-14 18:24:23,084 - LogInfo - get ip list
2019-01-14 18:24:23,084 - LogInfo - start Masscan process...
2019-01-14 18:24:39,653 - LogInfo - finsh Masscan
2019-01-14 18:24:39,654 - LogInfo - start read results...
2019-01-14 18:24:39,654 - LogInfo - start nmap scan service...
2019-01-14 18:24:39,807 - LogInfo - finsh nmap scan.
2019-01-14 18:24:39,807 - LogInfo - compare with the last result
2019-01-14 18:24:39,945 - LogInfo - generate the result file
2019-01-14 18:24:39,945 - LogInfo - start weak pass thread
2019-01-14 18:24:39,945 - LogInfo - start weak pass thread
2019-01-14 18:24:39,945 - LogInfo - read scan reasult to weak pass
2019-01-14 18:24:39,945 - LogInfo - read scan reasult to weak pass
2019-01-14 18:24:39,946 - LogInfo - start weak pass scan...
2019-01-14 18:24:39,946 - LogInfo - start weak pass scan...
2019-01-14 18:24:50,061 - LogInfo - finsh weak pass scan.
2019-01-14 18:24:50,061 - LogInfo - finsh weak pass scan.
2019-01-14 18:24:50,065 - LogInfo - generate the result file out/2019-01-14.xls
2019-01-14 18:24:50,065 - LogInfo - generate the result file out/2019-01-14.xls
2019-01-14 18:24:50,065 - LogInfo - generate the result file out/2019-01-14.xls
2019-01-14 18:24:50,065 - LogInfo - start sending mail...
2019-01-14 18:24:50,065 - LogInfo - start sending mail...
2019-01-14 18:24:50,065 - LogInfo - start sending mail...
2019-01-14 18:24:50,065 - LogInfo - start sending mail...
2019-01-14 18:24:51,481 - LogInfo - sending mail success
2019-01-14 18:24:51,481 - LogInfo - sending mail success
2019-01-14 18:24:51,481 - LogInfo - sending mail success
2019-01-14 18:24:51,481 - LogInfo - sending mail success
2019-01-14 18:32:48,952 - LogInfo - get ip list
2019-01-14 18:32:48,953 - LogInfo - start Masscan process...
2019-01-14 18:33:05,523 - LogInfo - finsh Masscan
2019-01-14 18:33:05,523 - LogInfo - start read results...
2019-01-14 18:33:05,523 - LogInfo - start nmap scan service...
2019-01-14 18:33:05,998 - LogInfo - finsh nmap scan.
2019-01-14 18:33:05,998 - LogInfo - compare with the last result
2019-01-14 18:33:05,999 - LogInfo - generate the result file
2019-01-14 18:33:05,999 - LogInfo - start weak pass thread
2019-01-14 18:33:05,999 - LogInfo - start weak pass thread
2019-01-14 18:33:05,999 - LogInfo - read scan reasult to weak pass
2019-01-14 18:33:05,999 - LogInfo - read scan reasult to weak pass
2019-01-14 18:33:05,999 - LogInfo - start weak pass scan...
2019-01-14 18:33:05,999 - LogInfo - start weak pass scan...
2019-01-14 18:33:16,112 - LogInfo - finsh weak pass scan.
2019-01-14 18:33:16,112 - LogInfo - finsh weak pass scan.
2019-01-14 18:33:16,115 - LogInfo - generate the result file out/2019-01-14.xls
2019-01-14 18:33:16,115 - LogInfo - generate the result file out/2019-01-14.xls
2019-01-14 18:33:16,115 - LogInfo - generate the result file out/2019-01-14.xls
2019-01-14 18:33:16,115 - LogInfo - start sending mail...
2019-01-14 18:33:16,115 - LogInfo - start sending mail...
2019-01-14 18:33:16,115 - LogInfo - start sending mail...
2019-01-14 18:33:16,115 - LogInfo - start sending mail...
2019-01-14 18:33:17,652 - LogInfo - sending mail success
2019-01-14 18:33:17,652 - LogInfo - sending mail success
2019-01-14 18:33:17,652 - LogInfo - sending mail success
2019-01-14 18:33:17,652 - LogInfo - sending mail success
2019-01-15 10:32:47,172 - LogInfo - get ip list
2019-01-15 10:32:47,173 - LogInfo - start Masscan process...
2019-01-15 10:33:04,732 - LogInfo - finsh Masscan
2019-01-15 10:33:04,733 - LogInfo - start read results...
2019-01-15 10:33:04,733 - LogInfo - start nmap scan service...
2019-01-15 10:33:05,018 - LogInfo - finsh nmap scan.
2019-01-15 10:33:05,019 - LogInfo - compare with the last result
2019-01-15 10:33:05,019 - LogInfo - generate the result file
2019-01-15 10:33:05,019 - LogInfo - start weak pass thread
2019-01-15 10:33:05,019 - LogInfo - start weak pass thread
2019-01-15 10:33:05,020 - LogInfo - read scan reasult to weak pass
2019-01-15 10:33:05,020 - LogInfo - read scan reasult to weak pass
2019-01-15 10:33:05,020 - LogInfo - start weak pass scan...
2019-01-15 10:33:05,020 - LogInfo - start weak pass scan...
2019-01-15 10:33:15,137 - LogInfo - finsh weak pass scan.
2019-01-15 10:33:15,137 - LogInfo - finsh weak pass scan.
2019-01-15 10:33:15,141 - LogInfo - generate the result file out/2019-01-15.xls
2019-01-15 10:33:15,141 - LogInfo - generate the result file out/2019-01-15.xls
2019-01-15 10:33:15,141 - LogInfo - generate the result file out/2019-01-15.xls
2019-01-15 10:33:15,141 - LogInfo - start sending mail...
2019-01-15 10:33:15,141 - LogInfo - start sending mail...
2019-01-15 10:33:15,141 - LogInfo - start sending mail...
2019-01-15 10:33:15,141 - LogInfo - start sending mail...
2019-01-15 10:33:16,668 - LogInfo - sending mail success
2019-01-15 10:33:16,668 - LogInfo - sending mail success
2019-01-15 10:33:16,668 - LogInfo - sending mail success
2019-01-15 10:33:16,668 - LogInfo - sending mail success
2019-01-15 10:34:32,049 - LogInfo - get ip list
2019-01-15 10:34:32,050 - LogInfo - start Masscan process...
2019-01-15 10:34:56,617 - LogInfo - finsh Masscan
2019-01-15 10:34:56,618 - LogInfo - start read results...
2019-01-15 10:34:56,618 - LogInfo - start nmap scan service...
2019-01-15 10:35:02,166 - LogInfo - finsh nmap scan.
2019-01-15 10:35:02,166 - LogInfo - compare with the last result
2019-01-15 10:35:02,166 - LogInfo - generate the result file
2019-01-15 10:35:02,167 - LogInfo - start weak pass thread
2019-01-15 10:35:02,167 - LogInfo - start weak pass thread
2019-01-15 10:35:02,167 - LogInfo - read scan reasult to weak pass
2019-01-15 10:35:02,167 - LogInfo - read scan reasult to weak pass
2019-01-15 10:35:02,167 - LogInfo - start weak pass scan...
2019-01-15 10:35:02,167 - LogInfo - start weak pass scan...
2019-01-15 10:36:51,037 - LogInfo - finsh weak pass scan.
2019-01-15 10:36:51,037 - LogInfo - finsh weak pass scan.
2019-01-15 10:36:51,043 - LogInfo - generate the result file out/2019-01-15.xls
2019-01-15 10:36:51,043 - LogInfo - generate the result file out/2019-01-15.xls
2019-01-15 10:36:51,043 - LogInfo - generate the result file out/2019-01-15.xls
2019-01-15 10:36:51,043 - LogInfo - start sending mail...
2019-01-15 10:36:51,043 - LogInfo - start sending mail...
2019-01-15 10:36:51,043 - LogInfo - start sending mail...
2019-01-15 10:36:51,043 - LogInfo - start sending mail...
2019-01-15 10:38:36,746 - LogInfo - get ip list
2019-01-15 10:38:36,747 - LogInfo - start Masscan process...
2019-01-15 10:39:01,571 - LogInfo - finsh Masscan
2019-01-15 10:39:01,572 - LogInfo - start read results...
2019-01-15 10:39:01,572 - LogInfo - start nmap scan service...
2019-01-15 10:39:10,901 - LogInfo - finsh nmap scan.
2019-01-15 10:39:10,901 - LogInfo - compare with the last result
2019-01-15 10:39:10,901 - LogInfo - generate the result file
2019-01-15 10:39:10,902 - LogInfo - start weak pass thread
2019-01-15 10:39:10,902 - LogInfo - start weak pass thread
2019-01-15 10:39:10,902 - LogInfo - read scan reasult to weak pass
2019-01-15 10:39:10,902 - LogInfo - read scan reasult to weak pass
2019-01-15 10:39:10,902 - LogInfo - start weak pass scan...
2019-01-15 10:39:10,902 - LogInfo - start weak pass scan...
2019-01-15 10:40:53,506 - LogInfo - finsh weak pass scan.
2019-01-15 10:40:53,506 - LogInfo - finsh weak pass scan.
2019-01-15 10:40:53,511 - LogInfo - generate the result file out/2019-01-15.xls
2019-01-15 10:40:53,511 - LogInfo - generate the result file out/2019-01-15.xls
2019-01-15 10:40:53,511 - LogInfo - generate the result file out/2019-01-15.xls
2019-01-15 10:40:53,511 - LogInfo - start sending mail...
2019-01-15 10:40:53,511 - LogInfo - start sending mail...
2019-01-15 10:40:53,511 - LogInfo - start sending mail...
2019-01-15 10:40:53,511 - LogInfo - start sending mail...
2019-01-15 10:40:54,616 - LogInfo - sending mail success
2019-01-15 10:40:54,616 - LogInfo - sending mail success
2019-01-15 10:40:54,616 - LogInfo - sending mail success
2019-01-15 10:40:54,616 - LogInfo - sending mail success
2019-01-15 10:49:23,793 - LogInfo - get ip list
2019-01-15 10:49:23,794 - LogInfo - start Masscan process...
2019-01-15 10:52:00,639 - LogInfo - finsh Masscan
2019-01-15 10:52:00,640 - LogInfo - start read results...
2019-01-15 10:52:00,642 - LogInfo - start nmap scan service...
2019-01-15 10:52:40,249 - LogInfo - finsh nmap scan.
2019-01-15 10:52:40,249 - LogInfo - compare with the last result
2019-01-15 10:52:40,644 - LogInfo - generate the result file
2019-01-15 10:52:40,645 - LogInfo - start weak pass thread
2019-01-15 10:52:40,645 - LogInfo - start weak pass thread
2019-01-15 10:52:40,645 - LogInfo - read scan reasult to weak pass
2019-01-15 10:52:40,645 - LogInfo - read scan reasult to weak pass
2019-01-15 10:52:40,645 - LogInfo - start weak pass scan...
2019-01-15 10:52:40,645 - LogInfo - start weak pass scan...
2019-01-15 10:57:22,444 - LogInfo - finsh weak pass scan.
2019-01-15 10:57:22,444 - LogInfo - finsh weak pass scan.
2019-01-15 10:57:22,465 - LogInfo - generate the result file out/2019-01-15.xls
2019-01-15 10:57:22,465 - LogInfo - generate the result file out/2019-01-15.xls
2019-01-15 10:57:22,465 - LogInfo - generate the result file out/2019-01-15.xls
2019-01-15 10:57:22,465 - LogInfo - start sending mail...
2019-01-15 10:57:22,465 - LogInfo - start sending mail...
2019-01-15 10:57:22,465 - LogInfo - start sending mail...
2019-01-15 10:57:22,465 - LogInfo - start sending mail...
2019-01-15 10:58:10,073 - LogInfo - get ip list
2019-01-15 10:58:10,074 - LogInfo - start Masscan process...
2019-01-15 11:00:45,666 - LogInfo - finsh Masscan
2019-01-15 11:00:45,666 - LogInfo - start read results...
2019-01-15 11:00:45,668 - LogInfo - start nmap scan service...
2019-01-15 11:01:35,855 - LogInfo - finsh nmap scan.
2019-01-15 11:01:35,855 - LogInfo - compare with the last result
2019-01-15 11:01:42,016 - LogInfo - generate the result file
2019-01-15 11:01:42,017 - LogInfo - start weak pass thread
2019-01-15 11:01:42,017 - LogInfo - start weak pass thread
2019-01-15 11:01:42,017 - LogInfo - read scan reasult to weak pass
2019-01-15 11:01:42,017 - LogInfo - read scan reasult to weak pass
2019-01-15 11:01:42,017 - LogInfo - start weak pass scan...
2019-01-15 11:01:42,017 - LogInfo - start weak pass scan...
2019-01-15 11:07:46,403 - LogInfo - finsh weak pass scan.
2019-01-15 11:07:46,403 - LogInfo - finsh weak pass scan.
2019-01-15 11:07:46,421 - LogInfo - generate the result file out/2019-01-15.xls
2019-01-15 11:07:46,421 - LogInfo - generate the result file out/2019-01-15.xls
2019-01-15 11:07:46,421 - LogInfo - generate the result file out/2019-01-15.xls
2019-01-15 11:07:46,421 - LogInfo - start sending mail...
2019-01-15 11:07:46,421 - LogInfo - start sending mail...
2019-01-15 11:07:46,421 - LogInfo - start sending mail...
2019-01-15 11:07:46,421 - LogInfo - start sending mail...
2019-01-15 16:02:29,565 - LogInfo - get ip list
2019-01-15 16:02:29,566 - LogInfo - start Masscan process...
2019-01-15 16:02:49,385 - LogInfo - finsh Masscan
2019-01-15 16:02:49,386 - LogInfo - start read results...
2019-01-15 16:02:49,386 - LogInfo - start nmap scan service...
2019-01-15 16:05:21,246 - LogInfo - start weak pass thread
2019-01-15 16:05:21,246 - LogInfo - read scan reasult to weak pass
2019-01-15 16:05:21,247 - LogInfo - start weak pass scan...
2019-01-15 16:08:12,820 - LogInfo - get ip list
2019-01-15 16:08:12,822 - LogInfo - start Masscan process...
2019-01-15 16:10:48,667 - LogInfo - finsh Masscan
2019-01-15 16:10:48,667 - LogInfo - start read results...
2019-01-15 16:10:48,670 - LogInfo - start nmap scan service...
2019-01-15 16:11:48,128 - LogInfo - finsh nmap scan.
2019-01-15 16:11:48,128 - LogInfo - compare with the last result
2019-01-15 16:12:29,459 - LogInfo - generate the result file
2019-01-15 16:12:29,483 - LogInfo - generate the result file out/2019-01-15.xls
2019-01-15 16:12:29,483 - LogInfo - generate the result file out/2019-01-15.xls
2019-01-15 16:12:29,483 - LogInfo - start sending mail...
2019-01-15 16:12:29,483 - LogInfo - start sending mail...
2019-01-15 16:12:29,483 - LogInfo - start sending mail...
2019-01-15 16:14:36,968 - LogInfo - get ip list
2019-01-15 16:14:36,970 - LogInfo - start Masscan process...
2019-01-15 16:14:43,784 - LogInfo - finsh Masscan
2019-01-15 16:14:43,785 - LogInfo - start read results...
2019-01-15 16:14:43,785 - LogInfo - start nmap scan service...
2019-01-15 16:14:43,785 - LogInfo - finsh nmap scan.
2019-01-15 16:14:43,785 - LogInfo - compare with the last result
2019-01-15 16:15:07,301 - LogInfo - get ip list
2019-01-15 16:15:07,302 - LogInfo - start Masscan process...
2019-01-15 16:15:21,616 - LogInfo - finsh Masscan
2019-01-15 16:15:21,617 - LogInfo - start read results...
2019-01-15 16:15:21,617 - LogInfo - start nmap scan service...
2019-01-15 16:15:30,620 - LogInfo - finsh nmap scan.
2019-01-15 16:15:30,620 - LogInfo - compare with the last result
2019-01-15 16:15:30,621 - LogInfo - generate the result file
2019-01-15 16:15:30,638 - LogInfo - generate the result file out/2019-01-15.xls
2019-01-15 16:15:30,638 - LogInfo - generate the result file out/2019-01-15.xls
2019-01-15 16:15:30,639 - LogInfo - start sending mail...
2019-01-15 16:15:30,639 - LogInfo - start sending mail...
2019-01-15 16:15:30,639 - LogInfo - start sending mail...
2019-01-15 16:15:33,406 - LogInfo - sending mail success
2019-01-15 16:15:33,406 - LogInfo - sending mail success
2019-01-15 16:15:33,406 - LogInfo - sending mail success
2019-01-15 16:16:52,967 - LogInfo - get ip list
2019-01-15 16:16:52,968 - LogInfo - start Masscan process...
2019-01-15 16:19:27,559 - LogInfo - finsh Masscan
2019-01-15 16:19:27,560 - LogInfo - start read results...
2019-01-15 16:19:27,562 - LogInfo - start nmap scan service...
2019-01-15 16:20:22,707 - LogInfo - finsh nmap scan.
2019-01-15 16:20:22,707 - LogInfo - compare with the last result
2019-01-15 16:20:22,959 - LogInfo - generate the result file
2019-01-15 16:20:22,981 - LogInfo - generate the result file out/2019-01-15.xls
2019-01-15 16:20:22,981 - LogInfo - generate the result file out/2019-01-15.xls
2019-01-15 16:20:22,981 - LogInfo - start sending mail...
2019-01-15 16:20:22,981 - LogInfo - start sending mail...
2019-01-15 16:20:22,981 - LogInfo - start sending mail...
2019-01-15 16:20:29,565 - LogInfo - sending mail success
2019-01-15 16:20:29,565 - LogInfo - sending mail success
2019-01-15 16:20:29,565 - LogInfo - sending mail success
2019-01-15 16:26:58,511 - LogInfo - get ip list
2019-01-15 16:26:58,512 - LogInfo - start Masscan process...
2019-01-15 16:27:10,580 - LogInfo - finsh Masscan
2019-01-15 16:27:10,581 - LogInfo - start read results...
2019-01-15 16:27:10,581 - LogInfo - start nmap scan service...
2019-01-15 16:27:23,082 - LogInfo - finsh nmap scan.
2019-01-15 16:27:23,082 - LogInfo - compare with the last result
2019-01-15 16:27:23,083 - LogInfo - generate the result file
2019-01-15 16:27:23,094 - LogInfo - generate the result file out/2019-01-15.xls
2019-01-15 16:27:23,094 - LogInfo - generate the result file out/2019-01-15.xls
2019-01-15 16:27:23,095 - LogInfo - start sending mail...
2019-01-15 16:27:23,095 - LogInfo - start sending mail...
2019-01-15 16:27:23,095 - LogInfo - start sending mail...
2019-01-15 16:27:24,841 - LogInfo - sending mail success
2019-01-15 16:27:24,841 - LogInfo - sending mail success
2019-01-15 16:27:24,841 - LogInfo - sending mail success
2019-01-15 16:30:40,849 - LogInfo - get ip list
2019-01-15 16:30:40,850 - LogInfo - start Masscan process...
2019-01-15 16:30:48,914 - LogInfo - finsh Masscan
2019-01-15 16:30:48,915 - LogInfo - start read results...
2019-01-15 16:30:48,915 - LogInfo - start nmap scan service...
2019-01-15 16:30:57,768 - LogInfo - get ip list
2019-01-15 16:30:57,769 - LogInfo - start Masscan process...
2019-01-15 16:31:10,581 - LogInfo - finsh Masscan
2019-01-15 16:31:10,582 - LogInfo - start read results...
2019-01-15 16:31:10,582 - LogInfo - start nmap scan service...
2019-01-15 16:31:15,089 - LogInfo - finsh nmap scan.
2019-01-15 16:31:15,090 - LogInfo - compare with the last result
2019-01-15 16:31:15,090 - LogInfo - generate the result file
2019-01-15 16:31:15,093 - LogInfo - generate the result file out/2019-01-15.xls
2019-01-15 16:31:15,093 - LogInfo - generate the result file out/2019-01-15.xls
2019-01-15 16:31:15,094 - LogInfo - start sending mail...
2019-01-15 16:31:15,094 - LogInfo - start sending mail...
2019-01-15 16:31:15,094 - LogInfo - start sending mail...
2019-01-15 16:31:15,600 - LogInfo - sending mail failure,error: {'[xiaozhiqi@lmbang.com,zhongshixun@lmbang.com]': (501, 'Bad address syntax')}
2019-01-15 16:31:15,600 - LogInfo - sending mail failure,error: {'[xiaozhiqi@lmbang.com,zhongshixun@lmbang.com]': (501, 'Bad address syntax')}
2019-01-15 16:31:15,600 - LogInfo - sending mail failure,error: {'[xiaozhiqi@lmbang.com,zhongshixun@lmbang.com]': (501, 'Bad address syntax')}
2019-01-15 16:31:15,817 - LogInfo - sending mail failure,error: {'[xiaozhiqi@lmbang.com,zhongshixun@lmbang.com]': (501, 'Bad address syntax')}
2019-01-15 16:31:15,817 - LogInfo - sending mail failure,error: {'[xiaozhiqi@lmbang.com,zhongshixun@lmbang.com]': (501, 'Bad address syntax')}
2019-01-15 16:31:15,817 - LogInfo - sending mail failure,error: {'[xiaozhiqi@lmbang.com,zhongshixun@lmbang.com]': (501, 'Bad address syntax')}
2019-01-15 16:31:16,241 - LogInfo - sending mail failure,error: {'[xiaozhiqi@lmbang.com,zhongshixun@lmbang.com]': (501, 'Bad address syntax')}
2019-01-15 16:31:16,241 - LogInfo - sending mail failure,error: {'[xiaozhiqi@lmbang.com,zhongshixun@lmbang.com]': (501, 'Bad address syntax')}
2019-01-15 16:31:16,241 - LogInfo - sending mail failure,error: {'[xiaozhiqi@lmbang.com,zhongshixun@lmbang.com]': (501, 'Bad address syntax')}
2019-01-15 16:31:16,241 - LogInfo - sending mail success
2019-01-15 16:31:16,241 - LogInfo - sending mail success
2019-01-15 16:31:16,241 - LogInfo - sending mail success
2019-01-15 16:36:24,371 - LogInfo - get ip list
2019-01-15 16:36:24,372 - LogInfo - start Masscan process...
2019-01-15 16:36:36,685 - LogInfo - finsh Masscan
2019-01-15 16:36:36,686 - LogInfo - start read results...
2019-01-15 16:36:36,686 - LogInfo - start nmap scan service...
2019-01-15 16:36:37,229 - LogInfo - finsh nmap scan.
2019-01-15 16:36:37,229 - LogInfo - compare with the last result
2019-01-15 16:36:37,229 - LogInfo - generate the result file
2019-01-15 16:36:37,233 - LogInfo - generate the result file out/2019-01-15.xls
2019-01-15 16:36:37,233 - LogInfo - generate the result file out/2019-01-15.xls
2019-01-15 16:36:37,233 - LogInfo - start sending mail...
2019-01-15 16:36:37,233 - LogInfo - start sending mail...
2019-01-15 16:36:37,233 - LogInfo - start sending mail...
2019-01-15 16:36:43,576 - LogInfo - sending mail success
2019-01-15 16:36:43,576 - LogInfo - sending mail success
2019-01-15 16:36:43,576 - LogInfo - sending mail success
2019-01-15 16:41:01,175 - LogInfo - get ip list
2019-01-15 16:41:01,176 - LogInfo - start Masscan process...
2019-01-15 16:41:13,737 - LogInfo - finsh Masscan
2019-01-15 16:41:13,738 - LogInfo - start read results...
2019-01-15 16:41:13,738 - LogInfo - start nmap scan service...
2019-01-15 16:41:14,145 - LogInfo - finsh nmap scan.
2019-01-15 16:41:14,146 - LogInfo - compare with the last result
2019-01-15 16:41:14,276 - LogInfo - generate the result file
2019-01-15 16:41:14,279 - LogInfo - generate the result file out/2019-01-15.xls
2019-01-15 16:41:14,279 - LogInfo - generate the result file out/2019-01-15.xls
2019-01-15 16:41:14,280 - LogInfo - start sending mail...
2019-01-15 16:41:14,280 - LogInfo - start sending mail...
2019-01-15 16:41:14,280 - LogInfo - start sending mail...
2019-01-15 16:41:19,792 - LogInfo - sending mail failure,error: {"['xiaozhiqi@lmbang.com','zhongshixun@lmbang.com']": (501, 'Bad address syntax')}
2019-01-15 16:41:19,792 - LogInfo - sending mail failure,error: {"['xiaozhiqi@lmbang.com','zhongshixun@lmbang.com']": (501, 'Bad address syntax')}
2019-01-15 16:41:19,792 - LogInfo - sending mail failure,error: {"['xiaozhiqi@lmbang.com','zhongshixun@lmbang.com']": (501, 'Bad address syntax')}
2019-01-15 16:41:20,056 - LogInfo - sending mail failure,error: {"['xiaozhiqi@lmbang.com','zhongshixun@lmbang.com']": (501, 'Bad address syntax')}
2019-01-15 16:41:20,056 - LogInfo - sending mail failure,error: {"['xiaozhiqi@lmbang.com','zhongshixun@lmbang.com']": (501, 'Bad address syntax')}
2019-01-15 16:41:20,056 - LogInfo - sending mail failure,error: {"['xiaozhiqi@lmbang.com','zhongshixun@lmbang.com']": (501, 'Bad address syntax')}
2019-01-15 16:41:21,158 - LogInfo - sending mail failure,error: {"['xiaozhiqi@lmbang.com','zhongshixun@lmbang.com']": (501, 'Bad address syntax')}
2019-01-15 16:41:21,158 - LogInfo - sending mail failure,error: {"['xiaozhiqi@lmbang.com','zhongshixun@lmbang.com']": (501, 'Bad address syntax')}
2019-01-15 16:41:21,158 - LogInfo - sending mail failure,error: {"['xiaozhiqi@lmbang.com','zhongshixun@lmbang.com']": (501, 'Bad address syntax')}
2019-01-15 16:41:21,158 - LogInfo - sending mail success
2019-01-15 16:41:21,158 - LogInfo - sending mail success
2019-01-15 16:41:21,158 - LogInfo - sending mail success
2019-01-15 16:48:47,409 - LogInfo - get ip list
2019-01-15 16:48:47,410 - LogInfo - start Masscan process...
2019-01-15 16:48:59,725 - LogInfo - finsh Masscan
2019-01-15 16:48:59,726 - LogInfo - start read results...
2019-01-15 16:48:59,726 - LogInfo - start nmap scan service...
2019-01-15 16:49:13,247 - LogInfo - finsh nmap scan.
2019-01-15 16:49:13,247 - LogInfo - compare with the last result
2019-01-15 16:49:13,247 - LogInfo - generate the result file
2019-01-15 16:49:13,251 - LogInfo - generate the result file out/2019-01-15.xls
2019-01-15 16:49:13,251 - LogInfo - generate the result file out/2019-01-15.xls
2019-01-15 16:49:13,251 - LogInfo - start sending mail...
2019-01-15 16:49:13,251 - LogInfo - start sending mail...
2019-01-15 16:49:13,251 - LogInfo - start sending mail...
2019-01-15 16:49:14,454 - LogInfo - sending mail success
2019-01-15 16:49:14,454 - LogInfo - sending mail success
2019-01-15 16:49:14,454 - LogInfo - sending mail success
2019-01-15 16:50:47,062 - LogInfo - get ip list
2019-01-15 16:50:47,063 - LogInfo - start Masscan process...
2019-01-15 16:50:54,691 - LogInfo - finsh Masscan
2019-01-15 16:50:54,692 - LogInfo - start read results...
2019-01-15 16:50:54,692 - LogInfo - start nmap scan service...
2019-01-15 16:51:06,650 - LogInfo - get ip list
2019-01-15 16:51:06,651 - LogInfo - start Masscan process...
2019-01-15 16:51:19,711 - LogInfo - finsh Masscan
2019-01-15 16:51:19,712 - LogInfo - start read results...
2019-01-15 16:51:19,712 - LogInfo - start nmap scan service...
2019-01-15 16:51:19,995 - LogInfo - finsh nmap scan.
2019-01-15 16:51:19,995 - LogInfo - compare with the last result
2019-01-15 16:51:19,996 - LogInfo - generate the result file
2019-01-15 16:51:20,000 - LogInfo - generate the result file out/2019-01-15.xls
2019-01-15 16:51:20,000 - LogInfo - generate the result file out/2019-01-15.xls
2019-01-15 16:51:20,000 - LogInfo - start sending mail...
2019-01-15 16:51:20,000 - LogInfo - start sending mail...
2019-01-15 16:51:20,000 - LogInfo - start sending mail...
2019-01-15 16:51:26,687 - LogInfo - sending mail success
2019-01-15 16:51:26,687 - LogInfo - sending mail success
2019-01-15 16:51:26,687 - LogInfo - sending mail success
2019-02-19 15:15:26,599 - LogInfo - get ip list
2019-02-19 15:15:26,599 - LogInfo - start Masscan process...
2019-02-19 15:15:39,662 - LogInfo - finsh Masscan
2019-02-19 15:15:39,663 - LogInfo - start read results...
2019-02-19 15:15:39,663 - LogInfo - start nmap scan service...
2019-02-19 15:15:39,970 - LogInfo - finsh nmap scan.
2019-02-19 15:15:39,970 - LogInfo - compare with the last result
2019-02-19 15:15:39,970 - LogInfo - generate the result file
2019-02-19 15:15:39,976 - LogInfo - generate the result file out/2019-02-19.xls
2019-02-19 15:15:39,976 - LogInfo - generate the result file out/2019-02-19.xls
2019-02-19 15:15:39,977 - LogInfo - start sending mail...
2019-02-19 15:15:39,977 - LogInfo - start sending mail...
2019-02-19 15:15:39,977 - LogInfo - start sending mail...
2019-02-19 15:15:48,254 - LogInfo - sending mail success
2019-02-19 15:15:48,254 - LogInfo - sending mail success
2019-02-19 15:15:48,254 - LogInfo - sending mail success
2019-02-19 15:17:16,974 - LogInfo - get ip list
2019-02-19 15:17:16,975 - LogInfo - start Masscan process...
2019-02-19 15:17:30,540 - LogInfo - finsh Masscan
2019-02-19 15:17:30,541 - LogInfo - start read results...
2019-02-19 15:17:30,541 - LogInfo - start nmap scan service...
2019-02-19 15:17:30,816 - LogInfo - finsh nmap scan.
2019-02-19 15:17:30,816 - LogInfo - compare with the last result
2019-02-19 15:17:30,816 - LogInfo - generate the result file
2019-02-19 15:17:30,820 - LogInfo - generate the result file out/2019-02-19.xls
2019-02-19 15:17:30,820 - LogInfo - generate the result file out/2019-02-19.xls
2019-02-19 15:17:30,820 - LogInfo - start sending mail...
2019-02-19 15:17:30,820 - LogInfo - start sending mail...
2019-02-19 15:17:30,820 - LogInfo - start sending mail...
2019-02-19 15:17:32,581 - LogInfo - sending mail success
2019-02-19 15:17:32,581 - LogInfo - sending mail success
2019-02-19 15:17:32,581 - LogInfo - sending mail success
2019-02-19 15:34:24,630 - LogInfo - get ip list
2019-02-19 15:34:24,631 - LogInfo - start Masscan process...
2019-02-19 15:34:37,694 - LogInfo - finsh Masscan
2019-02-19 15:34:37,695 - LogInfo - start read results...
2019-02-19 15:34:37,695 - LogInfo - start nmap scan service...
2019-02-19 15:34:38,102 - LogInfo - finsh nmap scan.
2019-02-19 15:34:38,102 - LogInfo - compare with the last result
2019-02-19 15:34:38,102 - LogInfo - generate the result file
2019-02-19 15:34:38,107 - LogInfo - generate the result file out/2019-02-19.xls
2019-02-19 15:34:38,107 - LogInfo - generate the result file out/2019-02-19.xls
2019-02-19 15:34:38,107 - LogInfo - start sending mail...
2019-02-19 15:34:38,107 - LogInfo - start sending mail...
2019-02-19 15:34:38,107 - LogInfo - start sending mail...
2019-02-19 15:34:49,595 - LogInfo - sending mail success
2019-02-19 15:34:49,595 - LogInfo - sending mail success
2019-02-19 15:34:49,595 - LogInfo - sending mail success
2019-02-19 15:35:50,851 - LogInfo - get ip list
2019-02-19 15:35:50,852 - LogInfo - start Masscan process...
2019-02-19 15:36:03,660 - LogInfo - finsh Masscan
2019-02-19 15:36:03,661 - LogInfo - start read results...
2019-02-19 15:36:03,661 - LogInfo - start nmap scan service...
2019-02-19 15:36:08,067 - LogInfo - finsh nmap scan.
2019-02-19 15:36:08,067 - LogInfo - compare with the last result
2019-02-19 15:36:08,067 - LogInfo - generate the result file
2019-02-19 15:36:08,072 - LogInfo - generate the result file out/2019-02-19.xls
2019-02-19 15:36:08,072 - LogInfo - generate the result file out/2019-02-19.xls
2019-02-19 15:36:08,072 - LogInfo - start sending mail...
2019-02-19 15:36:08,072 - LogInfo - start sending mail...
2019-02-19 15:36:08,072 - LogInfo - start sending mail...
2019-02-19 15:36:09,326 - LogInfo - sending mail success
2019-02-19 15:36:09,326 - LogInfo - sending mail success
2019-02-19 15:36:09,326 - LogInfo - sending mail success
2019-02-19 16:00:19,019 - LogInfo - get ip list
2019-02-19 16:00:19,021 - LogInfo - start Masscan process...
2019-02-19 16:03:45,621 - LogInfo - finsh Masscan
2019-02-19 16:03:45,622 - LogInfo - start read results...
2019-02-19 16:03:45,629 - LogInfo - start nmap scan service...
2019-02-19 16:08:46,685 - LogInfo - finsh nmap scan.
2019-02-19 16:08:46,685 - LogInfo - compare with the last result
2019-02-19 16:08:46,958 - LogInfo - generate the result file
2019-02-19 16:08:47,046 - LogInfo - generate the result file out/2019-02-19.xls
2019-02-19 16:08:47,046 - LogInfo - generate the result file out/2019-02-19.xls
2019-02-19 16:08:47,046 - LogInfo - start sending mail...
2019-02-19 16:08:47,046 - LogInfo - start sending mail...
2019-02-19 16:08:47,046 - LogInfo - start sending mail...
2019-02-19 16:08:53,783 - LogInfo - sending mail success
2019-02-19 16:08:53,783 - LogInfo - sending mail success
2019-02-19 16:08:53,783 - LogInfo - sending mail success
